TrinityCore rev. bff53e3e0616 2019-09-20 15:26:12 +0200 (master branch) (Win64, Release, Static) (bnetserver)
<Ctrl-C> to stop.

 ______                       __
/\__  _\       __          __/\ \__
\/_/\ \/ _ __ /\_\    ___ /\_\ \, _\  __  __
   \ \ \/\`'__\/\ \ /' _ `\/\ \ \ \/ /\ \/\ \
    \ \ \ \ \/ \ \ \/\ \/\ \ \ \ \ \_\ \ \_\ \
     \ \_\ \_\  \ \_\ \_\ \_\ \_\ \__\\/`____ \
      \/_/\/_/   \/_/\/_/\/_/\/_/\/__/ `/___/> \
                                 C O R E  /\___/
http://TrinityCore.org                    \/__/

Using configuration file D:/World of Warcraft BFA/Build/bin/Release/bnetserver.conf.
Using SSL version: OpenSSL 1.0.2m  2 Nov 2017 (library: OpenSSL 1.0.2m  2 Nov 2017)
Using Boost version: 1.66.0
Automatic database updates are disabled for all databases!
Opening DatabasePool 'auth'. Asynchronous connections: 1, synchronous connections: 1.
MySQL client library: 10.2.29
MySQL server ver: 10.2.29-MariaDB 
Connected to MySQL database at 127.0.0.1
MySQL client library: 10.2.29
MySQL server ver: 10.2.29-MariaDB 
Connected to MySQL database at 127.0.0.1
DatabasePool 'auth' opened successfully. 2 total connections running.
Started auth database connection pool.
Loading IP Location Database...
Login service bound to http://127.0.0.1:8081
Added realm "Сильвана Ветрокрылая" at 127.0.0.1:8085.
